<?xml version="1.0" encoding="UTF-8"?>
<!-- Generated by org.testng.reporters.JUnitReportReporter -->
<testsuite hostname="Shriya-Garg" failures="0" tests="1" name="liveProject.RegistrationPage_Test" time="8.465" errors="0" timestamp="21 Apr 2020 21:30:08 GMT" skipped="0">
  <testcase classname="liveProject.RegistrationPage_Test" name="Should_Successfully_Register_Using_ValidData" time="8.465"/>
</testsuite> <!-- liveProject.RegistrationPage_Test -->
