<?xml version="1.0" encoding="UTF-8"?>
<!-- Generated by org.testng.reporters.JUnitReportReporter -->
<testsuite hostname="Shriya-Garg" failures="0" tests="1" name="liveProject.BookFlight" time="15.203" errors="0" timestamp="21 Apr 2020 21:30:08 GMT" skipped="0">
  <testcase classname="liveProject.BookFlight" name="Login_and_Book_Flight" time="15.203"/>
</testsuite> <!-- liveProject.BookFlight -->
